<?xml version="1.0" encoding="UTF-8"?>
<!-- Generated by org.testng.reporters.JUnitReportReporter -->
<testsuite skipped="0" hostname="pritamkx-MOBL1" name="com.nbrown.testscenario.JDW.Test1" tests="1" failures="0" timestamp="24 Sep 2019 03:52:28 GMT" time="48.072" errors="0">
  <testcase name="test" time="48.072" classname="com.nbrown.testscenario.JDW.Test1"/>
</testsuite> <!-- com.nbrown.testscenario.JDW.Test1 -->
