<?xml version="1.0" encoding="UTF-8"?>
<!-- Generated by org.testng.reporters.JUnitReportReporter -->
<testsuite skipped="0" hostname="pritamkx-MOBL1" name="com.nbrown.testscenario.JDW.DesiredCapability1" tests="1" failures="0" timestamp="28 Sep 2019 10:00:19 GMT" time="7.076" errors="0">
  <testcase name="m1" time="7.076" classname="com.nbrown.testscenario.JDW.DesiredCapability1"/>
</testsuite> <!-- com.nbrown.testscenario.JDW.DesiredCapability1 -->
