<?xml version="1.0" encoding="UTF-8"?>
<!-- Generated by org.testng.reporters.JUnitReportReporter -->
<testsuite skipped="0" hostname="pritamkx-MOBL1" name="com.nrown.app.pageobjectlib.jdw.HomePage_JDWPF" tests="1" failures="0" timestamp="26 Sep 2019 04:07:30 GMT" time="34.152" errors="0">
  <testcase name="searchProduct" time="34.152" classname="com.nrown.app.pageobjectlib.jdw.HomePage_JDWPF"/>
</testsuite> <!-- com.nrown.app.pageobjectlib.jdw.HomePage_JDWPF -->
