<?xml version="1.0" encoding="UTF-8"?>
<!-- Generated by org.testng.reporters.JUnitReportReporter -->
<testsuite skipped="0" hostname="pritamkx-MOBL1" name="com.nbrown.testscenario.JDW.JSE" tests="1" failures="0" timestamp="26 Sep 2019 03:32:13 GMT" time="24.813" errors="0">
  <testcase name="m1" time="24.813" classname="com.nbrown.testscenario.JDW.JSE"/>
</testsuite> <!-- com.nbrown.testscenario.JDW.JSE -->
